{"name":"Log","hostname":"stue","pid":25825,"level":30,"msg":"Creating table: posts","time":"2020-03-23T06:27:58.775Z","v":0}
{"name":"Log","hostname":"stue","pid":25825,"level":30,"msg":"Creating table: posts_meta","time":"2020-03-23T06:27:59.023Z","v":0}
{"name":"Log","hostname":"stue","pid":25825,"level":30,"msg":"Creating table: users","time":"2020-03-23T06:27:59.248Z","v":0}
{"name":"Log","hostname":"stue","pid":25825,"level":30,"msg":"Creating table: posts_authors","time":"2020-03-23T06:27:59.567Z","v":0}
{"name":"Log","hostname":"stue","pid":25825,"level":30,"msg":"Creating table: roles","time":"2020-03-23T06:27:59.685Z","v":0}
{"name":"Log","hostname":"stue","pid":25825,"level":30,"msg":"Creating table: roles_users","time":"2020-03-23T06:27:59.920Z","v":0}
{"name":"Log","hostname":"stue","pid":25825,"level":30,"msg":"Creating table: permissions","time":"2020-03-23T06:28:00.047Z","v":0}
{"name":"Log","hostname":"stue","pid":25825,"level":30,"msg":"Creating table: permissions_users","time":"2020-03-23T06:28:00.291Z","v":0}
{"name":"Log","hostname":"stue","pid":25825,"level":30,"msg":"Creating table: permissions_roles","time":"2020-03-23T06:28:00.424Z","v":0}
{"name":"Log","hostname":"stue","pid":25825,"level":30,"msg":"Creating table: permissions_apps","time":"2020-03-23T06:28:00.542Z","v":0}
{"name":"Log","hostname":"stue","pid":25825,"level":30,"msg":"Creating table: settings","time":"2020-03-23T06:28:00.660Z","v":0}
{"name":"Log","hostname":"stue","pid":25825,"level":30,"msg":"Creating table: tags","time":"2020-03-23T06:28:00.903Z","v":0}
{"name":"Log","hostname":"stue","pid":25825,"level":30,"msg":"Creating table: posts_tags","time":"2020-03-23T06:28:01.131Z","v":0}
{"name":"Log","hostname":"stue","pid":25825,"level":30,"msg":"Creating table: apps","time":"2020-03-23T06:28:01.266Z","v":0}
{"name":"Log","hostname":"stue","pid":25825,"level":30,"msg":"Creating table: app_settings","time":"2020-03-23T06:28:01.634Z","v":0}
{"name":"Log","hostname":"stue","pid":25825,"level":30,"msg":"Creating table: app_fields","time":"2020-03-23T06:28:01.877Z","v":0}
{"name":"Log","hostname":"stue","pid":25825,"level":30,"msg":"Creating table: invites","time":"2020-03-23T06:28:01.995Z","v":0}
{"name":"Log","hostname":"stue","pid":25825,"level":30,"msg":"Creating table: brute","time":"2020-03-23T06:28:02.365Z","v":0}
{"name":"Log","hostname":"stue","pid":25825,"level":30,"msg":"Creating table: webhooks","time":"2020-03-23T06:28:02.482Z","v":0}
{"name":"Log","hostname":"stue","pid":25825,"level":30,"msg":"Creating table: sessions","time":"2020-03-23T06:28:03.039Z","v":0}
{"name":"Log","hostname":"stue","pid":25825,"level":30,"msg":"Creating table: integrations","time":"2020-03-23T06:28:03.275Z","v":0}
{"name":"Log","hostname":"stue","pid":25825,"level":30,"msg":"Creating table: api_keys","time":"2020-03-23T06:28:03.536Z","v":0}
{"name":"Log","hostname":"stue","pid":25825,"level":30,"msg":"Creating table: mobiledoc_revisions","time":"2020-03-23T06:28:03.779Z","v":0}
{"name":"Log","hostname":"stue","pid":25825,"level":30,"msg":"Creating table: members","time":"2020-03-23T06:28:04.030Z","v":0}
{"name":"Log","hostname":"stue","pid":25825,"level":30,"msg":"Creating table: labels","time":"2020-03-23T06:28:04.417Z","v":0}
{"name":"Log","hostname":"stue","pid":25825,"level":30,"msg":"Creating table: members_labels","time":"2020-03-23T06:28:04.777Z","v":0}
{"name":"Log","hostname":"stue","pid":25825,"level":30,"msg":"Creating table: members_stripe_customers","time":"2020-03-23T06:28:04.896Z","v":0}
{"name":"Log","hostname":"stue","pid":25825,"level":30,"msg":"Creating table: members_stripe_customers_subscriptions","time":"2020-03-23T06:28:05.030Z","v":0}
{"name":"Log","hostname":"stue","pid":25825,"level":30,"msg":"Creating table: actions","time":"2020-03-23T06:28:05.165Z","v":0}
{"name":"Log","hostname":"stue","pid":25825,"level":30,"msg":"Creating table: emails","time":"2020-03-23T06:28:05.307Z","v":0}
{"name":"Log","hostname":"stue","pid":25825,"level":30,"msg":"Model: Tag","time":"2020-03-23T06:28:05.817Z","v":0}
{"name":"Log","hostname":"stue","pid":25825,"level":30,"msg":"Model: Role","time":"2020-03-23T06:28:05.864Z","v":0}
{"name":"Log","hostname":"stue","pid":25825,"level":30,"msg":"Model: Permission","time":"2020-03-23T06:28:05.891Z","v":0}
{"name":"Log","hostname":"stue","pid":25825,"level":30,"msg":"Model: User","time":"2020-03-23T06:28:06.169Z","v":0}
{"name":"Log","hostname":"stue","pid":25825,"level":30,"msg":"Model: Post","time":"2020-03-23T06:28:07.678Z","v":0}
{"name":"Log","hostname":"stue","pid":25825,"level":30,"msg":"Model: Integration","time":"2020-03-23T06:28:07.896Z","v":0}
{"name":"Log","hostname":"stue","pid":25825,"level":30,"msg":"Relation: Role to Permission","time":"2020-03-23T06:28:08.076Z","v":0}
{"name":"Log","hostname":"stue","pid":25825,"level":30,"msg":"Relation: Post to Tag","time":"2020-03-23T06:28:08.362Z","v":0}
{"name":"Log","hostname":"stue","pid":25825,"level":30,"msg":"Relation: User to Role","time":"2020-03-23T06:28:08.388Z","v":0}
{"name":"Log","hostname":"stue","pid":25825,"level":30,"msg":"Ghost is running in development...","time":"2020-03-23T06:28:18.919Z","v":0}
{"name":"Log","hostname":"stue","pid":25825,"level":30,"msg":"Listening on: 127.0.0.1:2368","time":"2020-03-23T06:28:18.921Z","v":0}
{"name":"Log","hostname":"stue","pid":25825,"level":30,"msg":"Url configured as: http://localhost:2368/","time":"2020-03-23T06:28:18.922Z","v":0}
{"name":"Log","hostname":"stue","pid":25825,"level":30,"msg":"Ctrl+C to shut down","time":"2020-03-23T06:28:18.923Z","v":0}
{"name":"Log","hostname":"stue","pid":25825,"level":30,"msg":"Ghost boot 21.928s","time":"2020-03-23T06:28:18.927Z","v":0}
